INFO    23 Apr 2024 17:26:53 org.joget.apps.app.service.AppDevUtil - Commit to Git repo by admin: Initial commit for 202404_1
INFO    23 Apr 2024 17:26:53 org.joget.apps.app.service.AppDevUtil - Commit to Git repo by admin: Update app definition 202404. _Update app config 202404. _
INFO    23 Apr 2024 17:38:42 org.joget.apps.app.service.AppDevUtil - Commit to Git repo by admin: Add userview 202402. _
INFO    23 Apr 2024 17:43:07 org.joget.apps.app.service.AppDevUtil - Commit to Git repo by admin: Add form 2024. _
INFO    23 Apr 2024 17:45:19 org.joget.apps.app.service.AppDevUtil - Commit to Git repo by admin: Update form 2024. _
INFO    23 Apr 2024 17:46:34 org.joget.apps.app.service.AppDevUtil - Commit to Git repo by admin: Update form 2024. _
INFO    23 Apr 2024 17:49:03 org.joget.apps.app.service.AppDevUtil - Commit to Git repo by admin: Add list list01. _
ERROR   23 Apr 2024 17:49:26 org.hibernate.engine.jdbc.spi.SqlExceptionHelper - Table 'jwdb.app_fd_test' doesn't exist
INFO    23 Apr 2024 17:53:35 org.joget.apps.app.service.AppDevUtil - Commit to Git repo by admin: Update form 2024. _
INFO    23 Apr 2024 17:54:58 org.joget.apps.app.service.AppDevUtil - Commit to Git repo by admin: Update form 2024. _
ERROR   23 Apr 2024 17:57:55 org.joget.apps.app.controller.UserviewBuilderWebController - java.lang.NullPointerException: Cannot invoke "org.joget.apps.app.model.PackageDefinition.getPackageActivityForm(String, String)" because "packageDef" is null
java.lang.NullPointerException: Cannot invoke "org.joget.apps.app.model.PackageDefinition.getPackageActivityForm(String, String)" because "packageDef" is null
	at org.joget.apps.app.service.AppServiceImpl.retrieveMappedForm(AppServiceImpl.java:827) ~[classes/:?]
	at jdk.internal.reflect.GeneratedMethodAccessor366.invoke(Unknown Source) ~[?:?]
	at jdk.internal.reflect.DelegatingMethodAccessorImpl.invoke(DelegatingMethodAccessorImpl.java:43) ~[?:?]
	at java.lang.reflect.Method.invoke(Method.java:568) ~[?:?]
	at org.springframework.aop.support.AopUtils.invokeJoinpointUsingReflection(AopUtils.java:344) ~[spring-aop-5.3.31.jar:5.3.31]
	at org.springframework.aop.framework.JdkDynamicAopProxy.invoke(JdkDynamicAopProxy.java:234) ~[spring-aop-5.3.31.jar:5.3.31]
	at jdk.proxy3.$Proxy123.retrieveMappedForm(Unknown Source) ~[?:?]
	at org.joget.apps.userview.lib.RunProcess.getDecoratedMenu(RunProcess.java:118) ~[classes/:?]
	at org.joget.apps.userview.model.UserviewMenu.getMenu(UserviewMenu.java:97) ~[classes/:?]
	at org.joget.apps.app.controller.UserviewBuilderWebController.menuTemplate(UserviewBuilderWebController.java:340) [classes/:?]
	at org.joget.apps.app.controller.UserviewBuilderWebController$$FastClassBySpringCGLIB$$6c0506d5.invoke(<generated>) [classes/:?]
	at org.springframework.cglib.proxy.MethodProxy.invoke(MethodProxy.java:218) [spring-core-5.3.31.jar:5.3.31]
	at org.springframework.aop.framework.CglibAopProxy.invokeMethod(CglibAopProxy.java:386) [spring-aop-5.3.31.jar:5.3.31]
	at org.springframework.aop.framework.CglibAopProxy.access$000(CglibAopProxy.java:85) [spring-aop-5.3.31.jar:5.3.31]
	at org.springframework.aop.framework.CglibAopProxy$DynamicAdvisedInterceptor.intercept(CglibAopProxy.java:703) [spring-aop-5.3.31.jar:5.3.31]
	at org.joget.apps.app.controller.UserviewBuilderWebController$$EnhancerBySpringCGLIB$$14f02653.menuTemplate(<generated>) [classes/:?]
	at jdk.internal.reflect.GeneratedMethodAccessor505.invoke(Unknown Source) ~[?:?]
	at jdk.internal.reflect.DelegatingMethodAccessorImpl.invoke(DelegatingMethodAccessorImpl.java:43) ~[?:?]
	at java.lang.reflect.Method.invoke(Method.java:568) ~[?:?]
	at org.springframework.web.method.support.InvocableHandlerMethod.doInvoke(InvocableHandlerMethod.java:205) [spring-web-5.3.31.jar:5.3.31]
	at org.springframework.web.method.support.InvocableHandlerMethod.invokeForRequest(InvocableHandlerMethod.java:150) [spring-web-5.3.31.jar:5.3.31]
	at org.springframework.web.servlet.mvc.method.annotation.ServletInvocableHandlerMethod.invokeAndHandle(ServletInvocableHandlerMethod.java:117) [spring-webmvc-5.3.31.jar:5.3.31]
	at org.springframework.web.servlet.mvc.method.annotation.RequestMappingHandlerAdapter.invokeHandlerMethod(RequestMappingHandlerAdapter.java:895) [spring-webmvc-5.3.31.jar:5.3.31]
	at org.springframework.web.servlet.mvc.method.annotation.RequestMappingHandlerAdapter.handleInternal(RequestMappingHandlerAdapter.java:808) [spring-webmvc-5.3.31.jar:5.3.31]
	at org.joget.commons.spring.web.ParameterizedAnnotationMethodHandlerAdapter.handleInternal(ParameterizedAnnotationMethodHandlerAdapter.java:32) [wflow-commons-8.0.12.jar:?]
	at org.springframework.web.servlet.mvc.method.AbstractHandlerMethodAdapter.handle(AbstractHandlerMethodAdapter.java:87) [spring-webmvc-5.3.31.jar:5.3.31]
	at org.springframework.web.servlet.DispatcherServlet.doDispatch(DispatcherServlet.java:1072) [spring-webmvc-5.3.31.jar:5.3.31]
	at org.springframework.web.servlet.DispatcherServlet.doService(DispatcherServlet.java:965) [spring-webmvc-5.3.31.jar:5.3.31]
	at org.springframework.web.servlet.FrameworkServlet.processRequest(FrameworkServlet.java:1006) [spring-webmvc-5.3.31.jar:5.3.31]
	at org.springframework.web.servlet.FrameworkServlet.doPost(FrameworkServlet.java:909) [spring-webmvc-5.3.31.jar:5.3.31]
	at javax.servlet.http.HttpServlet.service(HttpServlet.java:555) [servlet-api.jar:4.0.FR]
	at org.springframework.web.servlet.FrameworkServlet.service(FrameworkServlet.java:883) [spring-webmvc-5.3.31.jar:5.3.31]
	at javax.servlet.http.HttpServlet.service(HttpServlet.java:623) [servlet-api.jar:4.0.FR]
	at org.apache.catalina.core.ApplicationFilterChain.internalDoFilter(ApplicationFilterChain.java:209) [catalina.jar:9.0.86]
	at org.apache.catalina.core.ApplicationFilterChain.doFilter(ApplicationFilterChain.java:153) [catalina.jar:9.0.86]
	at org.apache.tomcat.websocket.server.WsFilter.doFilter(WsFilter.java:51) [tomcat-websocket.jar:9.0.86]
	at org.apache.catalina.core.ApplicationFilterChain.internalDoFilter(ApplicationFilterChain.java:178) [catalina.jar:9.0.86]
	at org.apache.catalina.core.ApplicationFilterChain.doFilter(ApplicationFilterChain.java:153) [catalina.jar:9.0.86]
	at org.joget.apps.app.web.GitRequestFilter.doFilter(GitRequestFilter.java:42) [classes/:?]
	at org.apache.catalina.core.ApplicationFilterChain.internalDoFilter(ApplicationFilterChain.java:178) [catalina.jar:9.0.86]
	at org.apache.catalina.core.ApplicationFilterChain.doFilter(ApplicationFilterChain.java:153) [catalina.jar:9.0.86]
	at org.displaytag.filter.ResponseOverrideFilter.doFilter(ResponseOverrideFilter.java:125) [displaytag-1.2.jar:?]
	at org.apache.catalina.core.ApplicationFilterChain.internalDoFilter(ApplicationFilterChain.java:178) [catalina.jar:9.0.86]
	at org.apache.catalina.core.ApplicationFilterChain.doFilter(ApplicationFilterChain.java:153) [catalina.jar:9.0.86]
	at org.owasp.csrfguard.CsrfGuardFilter.handleSession(CsrfGuardFilter.java:107) [csrfguard-4.2.0.jar:4.2.0]
	at org.owasp.csrfguard.CsrfGuardFilter.doFilter(CsrfGuardFilter.java:97) [csrfguard-4.2.0.jar:4.2.0]
	at org.owasp.csrfguard.CsrfGuardFilter.doFilter(CsrfGuardFilter.java:68) [csrfguard-4.2.0.jar:4.2.0]
	at org.apache.catalina.core.ApplicationFilterChain.internalDoFilter(ApplicationFilterChain.java:178) [catalina.jar:9.0.86]
	at org.apache.catalina.core.ApplicationFilterChain.doFilter(ApplicationFilterChain.java:153) [catalina.jar:9.0.86]
	at org.springframework.web.multipart.support.MultipartFilter.doFilterInternal(MultipartFilter.java:125) [spring-web-5.3.31.jar:5.3.31]
	at org.springframework.web.filter.OncePerRequestFilter.doFilter(OncePerRequestFilter.java:117) [spring-web-5.3.31.jar:5.3.31]
	at org.apache.catalina.core.ApplicationFilterChain.internalDoFilter(ApplicationFilterChain.java:178) [catalina.jar:9.0.86]
	at org.apache.catalina.core.ApplicationFilterChain.doFilter(ApplicationFilterChain.java:153) [catalina.jar:9.0.86]
	at org.springframework.security.web.FilterChainProxy$VirtualFilterChain.doFilter(FilterChainProxy.java:352) [spring-security-web-5.8.9.jar:5.8.9]
	at org.springframework.security.web.access.intercept.FilterSecurityInterceptor.invoke(FilterSecurityInterceptor.java:117) [spring-security-web-5.8.9.jar:5.8.9]
	at org.springframework.security.web.access.intercept.FilterSecurityInterceptor.doFilter(FilterSecurityInterceptor.java:83) [spring-security-web-5.8.9.jar:5.8.9]
	at org.springframework.security.web.FilterChainProxy$VirtualFilterChain.doFilter(FilterChainProxy.java:361) [spring-security-web-5.8.9.jar:5.8.9]
	at org.springframework.security.web.access.ExceptionTranslationFilter.doFilter(ExceptionTranslationFilter.java:126) [spring-security-web-5.8.9.jar:5.8.9]
	at org.springframework.security.web.access.ExceptionTranslationFilter.doFilter(ExceptionTranslationFilter.java:120) [spring-security-web-5.8.9.jar:5.8.9]
	at org.springframework.security.web.FilterChainProxy$VirtualFilterChain.doFilter(FilterChainProxy.java:361) [spring-security-web-5.8.9.jar:5.8.9]
	at org.springframework.security.web.session.SessionManagementFilter.doFilter(SessionManagementFilter.java:131) [spring-security-web-5.8.9.jar:5.8.9]
	at org.springframework.security.web.session.SessionManagementFilter.doFilter(SessionManagementFilter.java:85) [spring-security-web-5.8.9.jar:5.8.9]
	at org.springframework.security.web.FilterChainProxy$VirtualFilterChain.doFilter(FilterChainProxy.java:361) [spring-security-web-5.8.9.jar:5.8.9]
	at org.springframework.security.web.authentication.AnonymousAuthenticationFilter.doFilter(AnonymousAuthenticationFilter.java:100) [spring-security-web-5.8.9.jar:5.8.9]
	at org.springframework.security.web.FilterChainProxy$VirtualFilterChain.doFilter(FilterChainProxy.java:361) [spring-security-web-5.8.9.jar:5.8.9]
	at org.springframework.security.web.savedrequest.RequestCacheAwareFilter.doFilter(RequestCacheAwareFilter.java:63) [spring-security-web-5.8.9.jar:5.8.9]
	at org.springframework.security.web.FilterChainProxy$VirtualFilterChain.doFilter(FilterChainProxy.java:361) [spring-security-web-5.8.9.jar:5.8.9]
	at org.springframework.security.web.authentication.AbstractAuthenticationProcessingFilter.doFilter(AbstractAuthenticationProcessingFilter.java:227) [spring-security-web-5.8.9.jar:5.8.9]
	at org.springframework.security.web.authentication.AbstractAuthenticationProcessingFilter.doFilter(AbstractAuthenticationProcessingFilter.java:221) [spring-security-web-5.8.9.jar:5.8.9]
	at org.joget.apps.workflow.security.WorkflowHttpAuthProcessingFilter.doFilter(WorkflowHttpAuthProcessingFilter.java:88) [classes/:?]
	at org.springframework.security.web.FilterChainProxy$VirtualFilterChain.doFilter(FilterChainProxy.java:361) [spring-security-web-5.8.9.jar:5.8.9]
	at org.springframework.security.web.authentication.www.BasicAuthenticationFilter.doFilterInternal(BasicAuthenticationFilter.java:168) [spring-security-web-5.8.9.jar:5.8.9]
	at org.springframework.web.filter.OncePerRequestFilter.doFilter(OncePerRequestFilter.java:117) [spring-web-5.3.31.jar:5.3.31]
	at org.springframework.security.web.FilterChainProxy$VirtualFilterChain.doFilter(FilterChainProxy.java:361) [spring-security-web-5.8.9.jar:5.8.9]
	at org.springframework.security.web.authentication.AbstractAuthenticationProcessingFilter.doFilter(AbstractAuthenticationProcessingFilter.java:227) [spring-security-web-5.8.9.jar:5.8.9]
	at org.springframework.security.web.authentication.AbstractAuthenticationProcessingFilter.doFilter(AbstractAuthenticationProcessingFilter.java:221) [spring-security-web-5.8.9.jar:5.8.9]
	at org.springframework.security.web.FilterChainProxy$VirtualFilterChain.doFilter(FilterChainProxy.java:361) [spring-security-web-5.8.9.jar:5.8.9]
	at org.springframework.security.web.authentication.logout.LogoutFilter.doFilter(LogoutFilter.java:107) [spring-security-web-5.8.9.jar:5.8.9]
	at org.springframework.security.web.authentication.logout.LogoutFilter.doFilter(LogoutFilter.java:93) [spring-security-web-5.8.9.jar:5.8.9]
	at org.springframework.security.web.FilterChainProxy$VirtualFilterChain.doFilter(FilterChainProxy.java:361) [spring-security-web-5.8.9.jar:5.8.9]
	at org.springframework.security.web.header.HeaderWriterFilter.doHeadersAfter(HeaderWriterFilter.java:90) [spring-security-web-5.8.9.jar:5.8.9]
	at org.springframework.security.web.header.HeaderWriterFilter.doFilterInternal(HeaderWriterFilter.java:75) [spring-security-web-5.8.9.jar:5.8.9]
	at org.springframework.web.filter.OncePerRequestFilter.doFilter(OncePerRequestFilter.java:117) [spring-web-5.3.31.jar:5.3.31]
	at org.springframework.security.web.FilterChainProxy$VirtualFilterChain.doFilter(FilterChainProxy.java:361) [spring-security-web-5.8.9.jar:5.8.9]
	at org.springframework.security.web.context.request.async.WebAsyncManagerIntegrationFilter.doFilterInternal(WebAsyncManagerIntegrationFilter.java:62) [spring-security-web-5.8.9.jar:5.8.9]
	at org.springframework.web.filter.OncePerRequestFilter.doFilter(OncePerRequestFilter.java:117) [spring-web-5.3.31.jar:5.3.31]
	at org.springframework.security.web.FilterChainProxy$VirtualFilterChain.doFilter(FilterChainProxy.java:361) [spring-security-web-5.8.9.jar:5.8.9]
	at org.springframework.security.web.context.SecurityContextPersistenceFilter.doFilter(SecurityContextPersistenceFilter.java:117) [spring-security-web-5.8.9.jar:5.8.9]
	at org.springframework.security.web.context.SecurityContextPersistenceFilter.doFilter(SecurityContextPersistenceFilter.java:87) [spring-security-web-5.8.9.jar:5.8.9]
	at org.springframework.security.web.FilterChainProxy$VirtualFilterChain.doFilter(FilterChainProxy.java:361) [spring-security-web-5.8.9.jar:5.8.9]
	at org.springframework.security.web.session.DisableEncodeUrlFilter.doFilterInternal(DisableEncodeUrlFilter.java:42) [spring-security-web-5.8.9.jar:5.8.9]
	at org.springframework.web.filter.OncePerRequestFilter.doFilter(OncePerRequestFilter.java:117) [spring-web-5.3.31.jar:5.3.31]
	at org.springframework.security.web.FilterChainProxy$VirtualFilterChain.doFilter(FilterChainProxy.java:361) [spring-security-web-5.8.9.jar:5.8.9]
	at org.springframework.security.web.FilterChainProxy.doFilterInternal(FilterChainProxy.java:225) [spring-security-web-5.8.9.jar:5.8.9]
	at org.springframework.security.web.FilterChainProxy.doFilter(FilterChainProxy.java:190) [spring-security-web-5.8.9.jar:5.8.9]
	at org.springframework.web.filter.DelegatingFilterProxy.invokeDelegate(DelegatingFilterProxy.java:354) [spring-web-5.3.31.jar:5.3.31]
	at org.springframework.web.filter.DelegatingFilterProxy.doFilter(DelegatingFilterProxy.java:267) [spring-web-5.3.31.jar:5.3.31]
	at org.joget.commons.spring.web.CustomDelegatingFilterProxy.doFilter(CustomDelegatingFilterProxy.java:31) [classes/:?]
	at org.apache.catalina.core.ApplicationFilterChain.internalDoFilter(ApplicationFilterChain.java:178) [catalina.jar:9.0.86]
	at org.apache.catalina.core.ApplicationFilterChain.doFilter(ApplicationFilterChain.java:153) [catalina.jar:9.0.86]
	at org.joget.apps.app.web.ExpireFilter.doFilter(ExpireFilter.java:48) [classes/:?]
	at org.apache.catalina.core.ApplicationFilterChain.internalDoFilter(ApplicationFilterChain.java:178) [catalina.jar:9.0.86]
	at org.apache.catalina.core.ApplicationFilterChain.doFilter(ApplicationFilterChain.java:153) [catalina.jar:9.0.86]
	at org.springframework.web.filter.CharacterEncodingFilter.doFilterInternal(CharacterEncodingFilter.java:201) [spring-web-5.3.31.jar:5.3.31]
	at org.joget.apps.app.web.CustomCharacterEncodingFilter.doFilterInternal(CustomCharacterEncodingFilter.java:50) [classes/:?]
	at org.springframework.web.filter.OncePerRequestFilter.doFilter(OncePerRequestFilter.java:117) [spring-web-5.3.31.jar:5.3.31]
	at org.apache.catalina.core.ApplicationFilterChain.internalDoFilter(ApplicationFilterChain.java:178) [catalina.jar:9.0.86]
	at org.apache.catalina.core.ApplicationFilterChain.doFilter(ApplicationFilterChain.java:153) [catalina.jar:9.0.86]
	at org.apache.catalina.core.StandardWrapperValve.invoke(StandardWrapperValve.java:168) [catalina.jar:9.0.86]
	at org.apache.catalina.core.StandardContextValve.invoke(StandardContextValve.java:90) [catalina.jar:9.0.86]
	at org.apache.catalina.authenticator.AuthenticatorBase.invoke(AuthenticatorBase.java:481) [catalina.jar:9.0.86]
	at org.apache.catalina.core.StandardHostValve.invoke(StandardHostValve.java:130) [catalina.jar:9.0.86]
	at org.apache.catalina.valves.ErrorReportValve.invoke(ErrorReportValve.java:93) [catalina.jar:9.0.86]
	at org.apache.catalina.core.StandardEngineValve.invoke(StandardEngineValve.java:74) [catalina.jar:9.0.86]
	at org.apache.catalina.connector.CoyoteAdapter.service(CoyoteAdapter.java:346) [catalina.jar:9.0.86]
	at org.apache.coyote.http11.Http11Processor.service(Http11Processor.java:390) [tomcat-coyote.jar:9.0.86]
	at org.apache.coyote.AbstractProcessorLight.process(AbstractProcessorLight.java:63) [tomcat-coyote.jar:9.0.86]
	at org.apache.coyote.AbstractProtocol$ConnectionHandler.process(AbstractProtocol.java:928) [tomcat-coyote.jar:9.0.86]
	at org.apache.tomcat.util.net.NioEndpoint$SocketProcessor.doRun(NioEndpoint.java:1794) [tomcat-coyote.jar:9.0.86]
	at org.apache.tomcat.util.net.SocketProcessorBase.run(SocketProcessorBase.java:52) [tomcat-coyote.jar:9.0.86]
	at org.apache.tomcat.util.threads.ThreadPoolExecutor.runWorker(ThreadPoolExecutor.java:1191) [tomcat-util.jar:9.0.86]
	at org.apache.tomcat.util.threads.ThreadPoolExecutor$Worker.run(ThreadPoolExecutor.java:659) [tomcat-util.jar:9.0.86]
	at org.apache.tomcat.util.threads.TaskThread$WrappingRunnable.run(TaskThread.java:63) [tomcat-util.jar:9.0.86]
	at java.lang.Thread.run(Thread.java:833) [?:?]
ERROR   23 Apr 2024 17:57:55 org.joget.apps.app.controller.UserviewBuilderWebController - java.lang.NullPointerException: Cannot invoke "org.joget.apps.app.model.PackageDefinition.getPackageActivityForm(String, String)" because "packageDef" is null
java.lang.NullPointerException: Cannot invoke "org.joget.apps.app.model.PackageDefinition.getPackageActivityForm(String, String)" because "packageDef" is null
	at org.joget.apps.app.service.AppServiceImpl.retrieveMappedForm(AppServiceImpl.java:827) ~[classes/:?]
	at jdk.internal.reflect.GeneratedMethodAccessor366.invoke(Unknown Source) ~[?:?]
	at jdk.internal.reflect.DelegatingMethodAccessorImpl.invoke(DelegatingMethodAccessorImpl.java:43) ~[?:?]
	at java.lang.reflect.Method.invoke(Method.java:568) ~[?:?]
	at org.springframework.aop.support.AopUtils.invokeJoinpointUsingReflection(AopUtils.java:344) ~[spring-aop-5.3.31.jar:5.3.31]
	at org.springframework.aop.framework.JdkDynamicAopProxy.invoke(JdkDynamicAopProxy.java:234) ~[spring-aop-5.3.31.jar:5.3.31]
	at jdk.proxy3.$Proxy123.retrieveMappedForm(Unknown Source) ~[?:?]
	at org.joget.apps.userview.lib.RunProcess.getJspPage(RunProcess.java:222) ~[classes/:?]
	at org.joget.apps.userview.model.UserviewMenu.getReadyJspPage(UserviewMenu.java:134) ~[classes/:?]
	at org.joget.apps.userview.service.UserviewUtil.getUserviewMenuHtmlWithoutCache(UserviewUtil.java:155) ~[classes/:?]
	at org.joget.apps.userview.model.UserviewMenu.render(UserviewMenu.java:227) ~[classes/:?]
	at org.joget.apps.userview.model.PageComponent.render(PageComponent.java:141) ~[classes/:?]
	at org.joget.apps.userview.model.UserviewPage.render(UserviewPage.java:59) ~[classes/:?]
	at org.joget.apps.app.controller.UserviewBuilderWebController.menuPageTemplate(UserviewBuilderWebController.java:289) [classes/:?]
	at org.joget.apps.app.controller.UserviewBuilderWebController$$FastClassBySpringCGLIB$$6c0506d5.invoke(<generated>) [classes/:?]
	at org.springframework.cglib.proxy.MethodProxy.invoke(MethodProxy.java:218) [spring-core-5.3.31.jar:5.3.31]
	at org.springframework.aop.framework.CglibAopProxy.invokeMethod(CglibAopProxy.java:386) [spring-aop-5.3.31.jar:5.3.31]
	at org.springframework.aop.framework.CglibAopProxy.access$000(CglibAopProxy.java:85) [spring-aop-5.3.31.jar:5.3.31]
	at org.springframework.aop.framework.CglibAopProxy$DynamicAdvisedInterceptor.intercept(CglibAopProxy.java:703) [spring-aop-5.3.31.jar:5.3.31]
	at org.joget.apps.app.controller.UserviewBuilderWebController$$EnhancerBySpringCGLIB$$14f02653.menuPageTemplate(<generated>) [classes/:?]
	at jdk.internal.reflect.GeneratedMethodAccessor508.invoke(Unknown Source) ~[?:?]
	at jdk.internal.reflect.DelegatingMethodAccessorImpl.invoke(DelegatingMethodAccessorImpl.java:43) ~[?:?]
	at java.lang.reflect.Method.invoke(Method.java:568) ~[?:?]
	at org.springframework.web.method.support.InvocableHandlerMethod.doInvoke(InvocableHandlerMethod.java:205) [spring-web-5.3.31.jar:5.3.31]
	at org.springframework.web.method.support.InvocableHandlerMethod.invokeForRequest(InvocableHandlerMethod.java:150) [spring-web-5.3.31.jar:5.3.31]
	at org.springframework.web.servlet.mvc.method.annotation.ServletInvocableHandlerMethod.invokeAndHandle(ServletInvocableHandlerMethod.java:117) [spring-webmvc-5.3.31.jar:5.3.31]
	at org.springframework.web.servlet.mvc.method.annotation.RequestMappingHandlerAdapter.invokeHandlerMethod(RequestMappingHandlerAdapter.java:895) [spring-webmvc-5.3.31.jar:5.3.31]
	at org.springframework.web.servlet.mvc.method.annotation.RequestMappingHandlerAdapter.handleInternal(RequestMappingHandlerAdapter.java:808) [spring-webmvc-5.3.31.jar:5.3.31]
	at org.joget.commons.spring.web.ParameterizedAnnotationMethodHandlerAdapter.handleInternal(ParameterizedAnnotationMethodHandlerAdapter.java:32) [wflow-commons-8.0.12.jar:?]
	at org.springframework.web.servlet.mvc.method.AbstractHandlerMethodAdapter.handle(AbstractHandlerMethodAdapter.java:87) [spring-webmvc-5.3.31.jar:5.3.31]
	at org.springframework.web.servlet.DispatcherServlet.doDispatch(DispatcherServlet.java:1072) [spring-webmvc-5.3.31.jar:5.3.31]
	at org.springframework.web.servlet.DispatcherServlet.doService(DispatcherServlet.java:965) [spring-webmvc-5.3.31.jar:5.3.31]
	at org.springframework.web.servlet.FrameworkServlet.processRequest(FrameworkServlet.java:1006) [spring-webmvc-5.3.31.jar:5.3.31]
	at org.springframework.web.servlet.FrameworkServlet.doPost(FrameworkServlet.java:909) [spring-webmvc-5.3.31.jar:5.3.31]
	at javax.servlet.http.HttpServlet.service(HttpServlet.java:555) [servlet-api.jar:4.0.FR]
	at org.springframework.web.servlet.FrameworkServlet.service(FrameworkServlet.java:883) [spring-webmvc-5.3.31.jar:5.3.31]
	at javax.servlet.http.HttpServlet.service(HttpServlet.java:623) [servlet-api.jar:4.0.FR]
	at org.apache.catalina.core.ApplicationFilterChain.internalDoFilter(ApplicationFilterChain.java:209) [catalina.jar:9.0.86]
	at org.apache.catalina.core.ApplicationFilterChain.doFilter(ApplicationFilterChain.java:153) [catalina.jar:9.0.86]
	at org.apache.tomcat.websocket.server.WsFilter.doFilter(WsFilter.java:51) [tomcat-websocket.jar:9.0.86]
	at org.apache.catalina.core.ApplicationFilterChain.internalDoFilter(ApplicationFilterChain.java:178) [catalina.jar:9.0.86]
	at org.apache.catalina.core.ApplicationFilterChain.doFilter(ApplicationFilterChain.java:153) [catalina.jar:9.0.86]
	at org.joget.apps.app.web.GitRequestFilter.doFilter(GitRequestFilter.java:42) [classes/:?]
	at org.apache.catalina.core.ApplicationFilterChain.internalDoFilter(ApplicationFilterChain.java:178) [catalina.jar:9.0.86]
	at org.apache.catalina.core.ApplicationFilterChain.doFilter(ApplicationFilterChain.java:153) [catalina.jar:9.0.86]
	at org.displaytag.filter.ResponseOverrideFilter.doFilter(ResponseOverrideFilter.java:125) [displaytag-1.2.jar:?]
	at org.apache.catalina.core.ApplicationFilterChain.internalDoFilter(ApplicationFilterChain.java:178) [catalina.jar:9.0.86]
	at org.apache.catalina.core.ApplicationFilterChain.doFilter(ApplicationFilterChain.java:153) [catalina.jar:9.0.86]
	at org.owasp.csrfguard.CsrfGuardFilter.handleSession(CsrfGuardFilter.java:107) [csrfguard-4.2.0.jar:4.2.0]
	at org.owasp.csrfguard.CsrfGuardFilter.doFilter(CsrfGuardFilter.java:97) [csrfguard-4.2.0.jar:4.2.0]
	at org.owasp.csrfguard.CsrfGuardFilter.doFilter(CsrfGuardFilter.java:68) [csrfguard-4.2.0.jar:4.2.0]
	at org.apache.catalina.core.ApplicationFilterChain.internalDoFilter(ApplicationFilterChain.java:178) [catalina.jar:9.0.86]
	at org.apache.catalina.core.ApplicationFilterChain.doFilter(ApplicationFilterChain.java:153) [catalina.jar:9.0.86]
	at org.springframework.web.multipart.support.MultipartFilter.doFilterInternal(MultipartFilter.java:125) [spring-web-5.3.31.jar:5.3.31]
	at org.springframework.web.filter.OncePerRequestFilter.doFilter(OncePerRequestFilter.java:117) [spring-web-5.3.31.jar:5.3.31]
	at org.apache.catalina.core.ApplicationFilterChain.internalDoFilter(ApplicationFilterChain.java:178) [catalina.jar:9.0.86]
	at org.apache.catalina.core.ApplicationFilterChain.doFilter(ApplicationFilterChain.java:153) [catalina.jar:9.0.86]
	at org.springframework.security.web.FilterChainProxy$VirtualFilterChain.doFilter(FilterChainProxy.java:352) [spring-security-web-5.8.9.jar:5.8.9]
	at org.springframework.security.web.access.intercept.FilterSecurityInterceptor.invoke(FilterSecurityInterceptor.java:117) [spring-security-web-5.8.9.jar:5.8.9]
	at org.springframework.security.web.access.intercept.FilterSecurityInterceptor.doFilter(FilterSecurityInterceptor.java:83) [spring-security-web-5.8.9.jar:5.8.9]
	at org.springframework.security.web.FilterChainProxy$VirtualFilterChain.doFilter(FilterChainProxy.java:361) [spring-security-web-5.8.9.jar:5.8.9]
	at org.springframework.security.web.access.ExceptionTranslationFilter.doFilter(ExceptionTranslationFilter.java:126) [spring-security-web-5.8.9.jar:5.8.9]
	at org.springframework.security.web.access.ExceptionTranslationFilter.doFilter(ExceptionTranslationFilter.java:120) [spring-security-web-5.8.9.jar:5.8.9]
	at org.springframework.security.web.FilterChainProxy$VirtualFilterChain.doFilter(FilterChainProxy.java:361) [spring-security-web-5.8.9.jar:5.8.9]
	at org.springframework.security.web.session.SessionManagementFilter.doFilter(SessionManagementFilter.java:131) [spring-security-web-5.8.9.jar:5.8.9]
	at org.springframework.security.web.session.SessionManagementFilter.doFilter(SessionManagementFilter.java:85) [spring-security-web-5.8.9.jar:5.8.9]
	at org.springframework.security.web.FilterChainProxy$VirtualFilterChain.doFilter(FilterChainProxy.java:361) [spring-security-web-5.8.9.jar:5.8.9]
	at org.springframework.security.web.authentication.AnonymousAuthenticationFilter.doFilter(AnonymousAuthenticationFilter.java:100) [spring-security-web-5.8.9.jar:5.8.9]
	at org.springframework.security.web.FilterChainProxy$VirtualFilterChain.doFilter(FilterChainProxy.java:361) [spring-security-web-5.8.9.jar:5.8.9]
	at org.springframework.security.web.savedrequest.RequestCacheAwareFilter.doFilter(RequestCacheAwareFilter.java:63) [spring-security-web-5.8.9.jar:5.8.9]
	at org.springframework.security.web.FilterChainProxy$VirtualFilterChain.doFilter(FilterChainProxy.java:361) [spring-security-web-5.8.9.jar:5.8.9]
	at org.springframework.security.web.authentication.AbstractAuthenticationProcessingFilter.doFilter(AbstractAuthenticationProcessingFilter.java:227) [spring-security-web-5.8.9.jar:5.8.9]
	at org.springframework.security.web.authentication.AbstractAuthenticationProcessingFilter.doFilter(AbstractAuthenticationProcessingFilter.java:221) [spring-security-web-5.8.9.jar:5.8.9]
	at org.joget.apps.workflow.security.WorkflowHttpAuthProcessingFilter.doFilter(WorkflowHttpAuthProcessingFilter.java:88) [classes/:?]
	at org.springframework.security.web.FilterChainProxy$VirtualFilterChain.doFilter(FilterChainProxy.java:361) [spring-security-web-5.8.9.jar:5.8.9]
	at org.springframework.security.web.authentication.www.BasicAuthenticationFilter.doFilterInternal(BasicAuthenticationFilter.java:168) [spring-security-web-5.8.9.jar:5.8.9]
	at org.springframework.web.filter.OncePerRequestFilter.doFilter(OncePerRequestFilter.java:117) [spring-web-5.3.31.jar:5.3.31]
	at org.springframework.security.web.FilterChainProxy$VirtualFilterChain.doFilter(FilterChainProxy.java:361) [spring-security-web-5.8.9.jar:5.8.9]
	at org.springframework.security.web.authentication.AbstractAuthenticationProcessingFilter.doFilter(AbstractAuthenticationProcessingFilter.java:227) [spring-security-web-5.8.9.jar:5.8.9]
	at org.springframework.security.web.authentication.AbstractAuthenticationProcessingFilter.doFilter(AbstractAuthenticationProcessingFilter.java:221) [spring-security-web-5.8.9.jar:5.8.9]
	at org.springframework.security.web.FilterChainProxy$VirtualFilterChain.doFilter(FilterChainProxy.java:361) [spring-security-web-5.8.9.jar:5.8.9]
	at org.springframework.security.web.authentication.logout.LogoutFilter.doFilter(LogoutFilter.java:107) [spring-security-web-5.8.9.jar:5.8.9]
	at org.springframework.security.web.authentication.logout.LogoutFilter.doFilter(LogoutFilter.java:93) [spring-security-web-5.8.9.jar:5.8.9]
	at org.springframework.security.web.FilterChainProxy$VirtualFilterChain.doFilter(FilterChainProxy.java:361) [spring-security-web-5.8.9.jar:5.8.9]
	at org.springframework.security.web.header.HeaderWriterFilter.doHeadersAfter(HeaderWriterFilter.java:90) [spring-security-web-5.8.9.jar:5.8.9]
	at org.springframework.security.web.header.HeaderWriterFilter.doFilterInternal(HeaderWriterFilter.java:75) [spring-security-web-5.8.9.jar:5.8.9]
	at org.springframework.web.filter.OncePerRequestFilter.doFilter(OncePerRequestFilter.java:117) [spring-web-5.3.31.jar:5.3.31]
	at org.springframework.security.web.FilterChainProxy$VirtualFilterChain.doFilter(FilterChainProxy.java:361) [spring-security-web-5.8.9.jar:5.8.9]
	at org.springframework.security.web.context.request.async.WebAsyncManagerIntegrationFilter.doFilterInternal(WebAsyncManagerIntegrationFilter.java:62) [spring-security-web-5.8.9.jar:5.8.9]
	at org.springframework.web.filter.OncePerRequestFilter.doFilter(OncePerRequestFilter.java:117) [spring-web-5.3.31.jar:5.3.31]
	at org.springframework.security.web.FilterChainProxy$VirtualFilterChain.doFilter(FilterChainProxy.java:361) [spring-security-web-5.8.9.jar:5.8.9]
	at org.springframework.security.web.context.SecurityContextPersistenceFilter.doFilter(SecurityContextPersistenceFilter.java:117) [spring-security-web-5.8.9.jar:5.8.9]
	at org.springframework.security.web.context.SecurityContextPersistenceFilter.doFilter(SecurityContextPersistenceFilter.java:87) [spring-security-web-5.8.9.jar:5.8.9]
	at org.springframework.security.web.FilterChainProxy$VirtualFilterChain.doFilter(FilterChainProxy.java:361) [spring-security-web-5.8.9.jar:5.8.9]
	at org.springframework.security.web.session.DisableEncodeUrlFilter.doFilterInternal(DisableEncodeUrlFilter.java:42) [spring-security-web-5.8.9.jar:5.8.9]
	at org.springframework.web.filter.OncePerRequestFilter.doFilter(OncePerRequestFilter.java:117) [spring-web-5.3.31.jar:5.3.31]
	at org.springframework.security.web.FilterChainProxy$VirtualFilterChain.doFilter(FilterChainProxy.java:361) [spring-security-web-5.8.9.jar:5.8.9]
	at org.springframework.security.web.FilterChainProxy.doFilterInternal(FilterChainProxy.java:225) [spring-security-web-5.8.9.jar:5.8.9]
	at org.springframework.security.web.FilterChainProxy.doFilter(FilterChainProxy.java:190) [spring-security-web-5.8.9.jar:5.8.9]
	at org.springframework.web.filter.DelegatingFilterProxy.invokeDelegate(DelegatingFilterProxy.java:354) [spring-web-5.3.31.jar:5.3.31]
	at org.springframework.web.filter.DelegatingFilterProxy.doFilter(DelegatingFilterProxy.java:267) [spring-web-5.3.31.jar:5.3.31]
	at org.joget.commons.spring.web.CustomDelegatingFilterProxy.doFilter(CustomDelegatingFilterProxy.java:31) [classes/:?]
	at org.apache.catalina.core.ApplicationFilterChain.internalDoFilter(ApplicationFilterChain.java:178) [catalina.jar:9.0.86]
	at org.apache.catalina.core.ApplicationFilterChain.doFilter(ApplicationFilterChain.java:153) [catalina.jar:9.0.86]
	at org.joget.apps.app.web.ExpireFilter.doFilter(ExpireFilter.java:48) [classes/:?]
	at org.apache.catalina.core.ApplicationFilterChain.internalDoFilter(ApplicationFilterChain.java:178) [catalina.jar:9.0.86]
	at org.apache.catalina.core.ApplicationFilterChain.doFilter(ApplicationFilterChain.java:153) [catalina.jar:9.0.86]
	at org.springframework.web.filter.CharacterEncodingFilter.doFilterInternal(CharacterEncodingFilter.java:201) [spring-web-5.3.31.jar:5.3.31]
	at org.joget.apps.app.web.CustomCharacterEncodingFilter.doFilterInternal(CustomCharacterEncodingFilter.java:50) [classes/:?]
	at org.springframework.web.filter.OncePerRequestFilter.doFilter(OncePerRequestFilter.java:117) [spring-web-5.3.31.jar:5.3.31]
	at org.apache.catalina.core.ApplicationFilterChain.internalDoFilter(ApplicationFilterChain.java:178) [catalina.jar:9.0.86]
	at org.apache.catalina.core.ApplicationFilterChain.doFilter(ApplicationFilterChain.java:153) [catalina.jar:9.0.86]
	at org.apache.catalina.core.StandardWrapperValve.invoke(StandardWrapperValve.java:168) [catalina.jar:9.0.86]
	at org.apache.catalina.core.StandardContextValve.invoke(StandardContextValve.java:90) [catalina.jar:9.0.86]
	at org.apache.catalina.authenticator.AuthenticatorBase.invoke(AuthenticatorBase.java:481) [catalina.jar:9.0.86]
	at org.apache.catalina.core.StandardHostValve.invoke(StandardHostValve.java:130) [catalina.jar:9.0.86]
	at org.apache.catalina.valves.ErrorReportValve.invoke(ErrorReportValve.java:93) [catalina.jar:9.0.86]
	at org.apache.catalina.core.StandardEngineValve.invoke(StandardEngineValve.java:74) [catalina.jar:9.0.86]
	at org.apache.catalina.connector.CoyoteAdapter.service(CoyoteAdapter.java:346) [catalina.jar:9.0.86]
	at org.apache.coyote.http11.Http11Processor.service(Http11Processor.java:390) [tomcat-coyote.jar:9.0.86]
	at org.apache.coyote.AbstractProcessorLight.process(AbstractProcessorLight.java:63) [tomcat-coyote.jar:9.0.86]
	at org.apache.coyote.AbstractProtocol$ConnectionHandler.process(AbstractProtocol.java:928) [tomcat-coyote.jar:9.0.86]
	at org.apache.tomcat.util.net.NioEndpoint$SocketProcessor.doRun(NioEndpoint.java:1794) [tomcat-coyote.jar:9.0.86]
	at org.apache.tomcat.util.net.SocketProcessorBase.run(SocketProcessorBase.java:52) [tomcat-coyote.jar:9.0.86]
	at org.apache.tomcat.util.threads.ThreadPoolExecutor.runWorker(ThreadPoolExecutor.java:1191) [tomcat-util.jar:9.0.86]
	at org.apache.tomcat.util.threads.ThreadPoolExecutor$Worker.run(ThreadPoolExecutor.java:659) [tomcat-util.jar:9.0.86]
	at org.apache.tomcat.util.threads.TaskThread$WrappingRunnable.run(TaskThread.java:63) [tomcat-util.jar:9.0.86]
	at java.lang.Thread.run(Thread.java:833) [?:?]
INFO    23 Apr 2024 17:58:04 org.joget.apps.app.service.AppDevUtil - Commit to Git repo by admin: Add INTERNAL_USERVIEW_PAGE up-1057C8F5214D4BCF030D02B82F1E33CD. _Update userview 202402. _
INFO    23 Apr 2024 17:58:36 org.joget.apps.app.service.AppDevUtil - Commit to Git repo by admin: Update userview 202402. _
